<?xml version="1.0" encoding="UTF-8"?>
<!-- Generated by org.testng.reporters.JUnitReportReporter -->
<testsuite hostname="Sam" name="ExtentReports.DemoExtentReport" tests="1" failures="0" timestamp="26 Sep 2022 10:23:43 GMT" time="0.355" errors="0">
  <testcase name="report" time="0.355" classname="ExtentReports.DemoExtentReport"/>
</testsuite> <!-- ExtentReports.DemoExtentReport -->
